2019-10-11 10:47:35,468 线程ID:[10] 日志级别：ERROR 出错类：Zhouli.BlogWebApi.Filters.HttpGlobalExceptionFilter property:[(null)] - 错误描述：MySql.Data.MySqlClient.MySqlException (0x80004005): Access denied for user 'root'@'localhost' (using password: YES)
   at MySqlConnector.Core.ServerSession.SendClearPasswordAsync(ConnectionSettings cs, IOBehavior ioBehavior, CancellationToken cancellationToken) in C:\projects\mysqlconnector\src\MySqlConnector\Core\ServerSession.cs:line 487
   at MySqlConnector.Core.ServerSession.SwitchAuthenticationAsync(ConnectionSettings cs, PayloadData payload, IOBehavior ioBehavior, CancellationToken cancellationToken) in C:\projects\mysqlconnector\src\MySqlConnector\Core\ServerSession.cs:line 465
   at MySqlConnector.Core.ServerSession.ConnectAsync(ConnectionSettings cs, ILoadBalancer loadBalancer, IOBehavior ioBehavior, CancellationToken cancellationToken) in C:\projects\mysqlconnector\src\MySqlConnector\Core\ServerSession.cs:line 338
   at MySqlConnector.Core.ConnectionPool.GetSessionAsync(MySqlConnection connection, IOBehavior ioBehavior, CancellationToken cancellationToken) in C:\projects\mysqlconnector\src\MySqlConnector\Core\ConnectionPool.cs:line 112
   at MySqlConnector.Core.ConnectionPool.GetSessionAsync(MySqlConnection connection, IOBehavior ioBehavior, CancellationToken cancellationToken) in C:\projects\mysqlconnector\src\MySqlConnector\Core\ConnectionPool.cs:line 141
   at MySql.Data.MySqlClient.MySqlConnection.CreateSessionAsync(Nullable`1 ioBehavior, CancellationToken cancellationToken) in C:\projects\mysqlconnector\src\MySqlConnector\MySql.Data.MySqlClient\MySqlConnection.cs:line 399
   at MySql.Data.MySqlClient.MySqlConnection.OpenAsync(Nullable`1 ioBehavior, CancellationToken cancellationToken) in C:\projects\mysqlconnector\src\MySqlConnector\MySql.Data.MySqlClient\MySqlConnection.cs:line 171
   at MySql.Data.MySqlClient.MySqlConnection.Open() in C:\projects\mysqlconnector\src\MySqlConnector\MySql.Data.MySqlClient\MySqlConnection.cs:line 157
   at Microsoft.EntityFrameworkCore.Storage.RelationalConnection.OpenDbConnection(Boolean errorsExpected)
   at Microsoft.EntityFrameworkCore.Storage.RelationalConnection.Open(Boolean errorsExpected)
   at Microsoft.EntityFrameworkCore.Query.Internal.QueryingEnumerable`1.Enumerator.BufferlessMoveNext(DbContext _, Boolean buffer)
   at Pomelo.EntityFrameworkCore.MySql.Storage.Internal.MySqlExecutionStrategy.Execute[TState,TResult](TState state, Func`3 operation, Func`3 verifySucceeded)
   at Microsoft.EntityFrameworkCore.Query.Internal.QueryingEnumerable`1.Enumerator.MoveNext()
   at Microsoft.EntityFrameworkCore.Query.Internal.LinqOperatorProvider._TrackEntities[TOut,TIn](IEnumerable`1 results, QueryContext queryContext, IList`1 entityTrackingInfos, IList`1 entityAccessors)+MoveNext()
   at Microsoft.EntityFrameworkCore.Query.Internal.LinqOperatorProvider.ExceptionInterceptor`1.EnumeratorExceptionInterceptor.MoveNext()
   at System.Collections.Generic.List`1.AddEnumerable(IEnumerable`1 enumerable)
   at System.Linq.Enumerable.ToList[TSource](IEnumerable`1 source)
   at Zhouli.BLL.Implements.BaseBLL`1.GetModels(Expression`1 whereLambda) in D:\周黎\code\bms\ZhouliProject\Zhouli.BLL\Implements\BaseBLL.cs:line 60
   at Zhouli.BlogWebApi.Controllers.NavigationImgController.GetNavigationImgList() in D:\周黎\code\bms\ZhouliProject\Zhouli.BlogWebApi\Controllers\NavigationImgController.cs:line 40
   at lambda_method(Closure , Object , Object[] )
   at Microsoft.Extensions.Internal.ObjectMethodExecutor.Execute(Object target, Object[] parameters)
   at Microsoft.AspNetCore.Mvc.Internal.ActionMethodExecutor.SyncActionResultExecutor.Execute(IActionResultTypeMapper mapper, ObjectMethodExecutor executor, Object controller, Object[] arguments)
   at Microsoft.AspNetCore.Mvc.Internal.ControllerActionInvoker.InvokeActionMethodAsync()
   at Microsoft.AspNetCore.Mvc.Internal.ControllerActionInvoker.InvokeNextActionFilterAsync()
   at Microsoft.AspNetCore.Mvc.Internal.ControllerActionInvoker.Rethrow(ActionExecutedContext context)
   at Microsoft.AspNetCore.Mvc.Internal.ControllerActionInvoker.Next(State& next, Scope& scope, Object& state, Boolean& isCompleted)
   at Microsoft.AspNetCore.Mvc.Internal.ControllerActionInvoker.InvokeInnerFilterAsync()
   at Microsoft.AspNetCore.Mvc.Internal.ResourceInvoker.InvokeNextExceptionFilterAsync() 
2019-10-11 10:56:28,256 线程ID:[10] 日志级别：ERROR 出错类：Zhouli.BlogWebApi.Filters.HttpGlobalExceptionFilter property:[(null)] - 错误描述：MySql.Data.MySqlClient.MySqlException (0x80004005): Access denied for user 'root'@'localhost' (using password: YES)
   at MySqlConnector.Core.ServerSession.SendClearPasswordAsync(ConnectionSettings cs, IOBehavior ioBehavior, CancellationToken cancellationToken) in C:\projects\mysqlconnector\src\MySqlConnector\Core\ServerSession.cs:line 487
   at MySqlConnector.Core.ServerSession.SwitchAuthenticationAsync(ConnectionSettings cs, PayloadData payload, IOBehavior ioBehavior, CancellationToken cancellationToken) in C:\projects\mysqlconnector\src\MySqlConnector\Core\ServerSession.cs:line 465
   at MySqlConnector.Core.ServerSession.ConnectAsync(ConnectionSettings cs, ILoadBalancer loadBalancer, IOBehavior ioBehavior, CancellationToken cancellationToken) in C:\projects\mysqlconnector\src\MySqlConnector\Core\ServerSession.cs:line 338
   at MySqlConnector.Core.ConnectionPool.GetSessionAsync(MySqlConnection connection, IOBehavior ioBehavior, CancellationToken cancellationToken) in C:\projects\mysqlconnector\src\MySqlConnector\Core\ConnectionPool.cs:line 112
   at MySqlConnector.Core.ConnectionPool.GetSessionAsync(MySqlConnection connection, IOBehavior ioBehavior, CancellationToken cancellationToken) in C:\projects\mysqlconnector\src\MySqlConnector\Core\ConnectionPool.cs:line 141
   at MySql.Data.MySqlClient.MySqlConnection.CreateSessionAsync(Nullable`1 ioBehavior, CancellationToken cancellationToken) in C:\projects\mysqlconnector\src\MySqlConnector\MySql.Data.MySqlClient\MySqlConnection.cs:line 399
   at MySql.Data.MySqlClient.MySqlConnection.OpenAsync(Nullable`1 ioBehavior, CancellationToken cancellationToken) in C:\projects\mysqlconnector\src\MySqlConnector\MySql.Data.MySqlClient\MySqlConnection.cs:line 171
   at MySql.Data.MySqlClient.MySqlConnection.Open() in C:\projects\mysqlconnector\src\MySqlConnector\MySql.Data.MySqlClient\MySqlConnection.cs:line 157
   at Microsoft.EntityFrameworkCore.Storage.RelationalConnection.OpenDbConnection(Boolean errorsExpected)
   at Microsoft.EntityFrameworkCore.Storage.RelationalConnection.Open(Boolean errorsExpected)
   at Microsoft.EntityFrameworkCore.Query.Internal.QueryingEnumerable`1.Enumerator.BufferlessMoveNext(DbContext _, Boolean buffer)
   at Pomelo.EntityFrameworkCore.MySql.Storage.Internal.MySqlExecutionStrategy.Execute[TState,TResult](TState state, Func`3 operation, Func`3 verifySucceeded)
   at Microsoft.EntityFrameworkCore.Query.Internal.QueryingEnumerable`1.Enumerator.MoveNext()
   at Microsoft.EntityFrameworkCore.Query.Internal.LinqOperatorProvider._TrackEntities[TOut,TIn](IEnumerable`1 results, QueryContext queryContext, IList`1 entityTrackingInfos, IList`1 entityAccessors)+MoveNext()
   at Microsoft.EntityFrameworkCore.Query.Internal.LinqOperatorProvider.ExceptionInterceptor`1.EnumeratorExceptionInterceptor.MoveNext()
   at System.Collections.Generic.List`1.AddEnumerable(IEnumerable`1 enumerable)
   at System.Linq.Enumerable.ToList[TSource](IEnumerable`1 source)
   at Zhouli.BLL.Implements.BaseBLL`1.GetModels(Expression`1 whereLambda) in D:\周黎\code\bms\ZhouliProject\Zhouli.BLL\Implements\BaseBLL.cs:line 60
   at Zhouli.BlogWebApi.Controllers.NavigationImgController.GetNavigationImgList() in D:\周黎\code\bms\ZhouliProject\Zhouli.BlogWebApi\Controllers\NavigationImgController.cs:line 40
   at lambda_method(Closure , Object , Object[] )
   at Microsoft.Extensions.Internal.ObjectMethodExecutor.Execute(Object target, Object[] parameters)
   at Microsoft.AspNetCore.Mvc.Internal.ActionMethodExecutor.SyncActionResultExecutor.Execute(IActionResultTypeMapper mapper, ObjectMethodExecutor executor, Object controller, Object[] arguments)
   at Microsoft.AspNetCore.Mvc.Internal.ControllerActionInvoker.InvokeActionMethodAsync()
   at Microsoft.AspNetCore.Mvc.Internal.ControllerActionInvoker.InvokeNextActionFilterAsync()
   at Microsoft.AspNetCore.Mvc.Internal.ControllerActionInvoker.Rethrow(ActionExecutedContext context)
   at Microsoft.AspNetCore.Mvc.Internal.ControllerActionInvoker.Next(State& next, Scope& scope, Object& state, Boolean& isCompleted)
   at Microsoft.AspNetCore.Mvc.Internal.ControllerActionInvoker.InvokeInnerFilterAsync()
   at Microsoft.AspNetCore.Mvc.Internal.ResourceInvoker.InvokeNextExceptionFilterAsync() 
