2019-09-05 11:23:13,234 线程ID:[7] 日志级别：ERROR 出错类：Zhouli.BlogWebApi.Filters.HttpGlobalExceptionFilter property:[(null)] - 错误描述：System.Exception: 测试异常
   at Zhouli.BlogWebApi.Controllers.ArticleController.GetArticles(String page, String limit, String searchstr, Int32 lableId) in D:\周黎\code\bms\ZhouliProject\Zhouli.BlogWebApi\Controllers\ArticleController.cs:line 44
   at lambda_method(Closure , Object , Object[] )
   at Microsoft.Extensions.Internal.ObjectMethodExecutor.Execute(Object target, Object[] parameters)
   at Microsoft.AspNetCore.Mvc.Internal.ActionMethodExecutor.SyncActionResultExecutor.Execute(IActionResultTypeMapper mapper, ObjectMethodExecutor executor, Object controller, Object[] arguments)
   at Microsoft.AspNetCore.Mvc.Internal.ControllerActionInvoker.InvokeActionMethodAsync()
   at Microsoft.AspNetCore.Mvc.Internal.ControllerActionInvoker.InvokeNextActionFilterAsync()
   at Microsoft.AspNetCore.Mvc.Internal.ControllerActionInvoker.Rethrow(ActionExecutedContext context)
   at Microsoft.AspNetCore.Mvc.Internal.ControllerActionInvoker.Next(State& next, Scope& scope, Object& state, Boolean& isCompleted)
   at Microsoft.AspNetCore.Mvc.Internal.ControllerActionInvoker.InvokeInnerFilterAsync()
   at Microsoft.AspNetCore.Mvc.Internal.ResourceInvoker.InvokeNextExceptionFilterAsync() 
2019-09-05 11:25:17,536 线程ID:[24] 日志级别：ERROR 出错类：Zhouli.BlogWebApi.Filters.HttpGlobalExceptionFilter property:[(null)] - 错误描述：System.Exception: 测试异常
   at Zhouli.BlogWebApi.Controllers.ArticleController.GetArticles(String page, String limit, String searchstr, Int32 lableId) in D:\周黎\code\bms\ZhouliProject\Zhouli.BlogWebApi\Controllers\ArticleController.cs:line 44
   at lambda_method(Closure , Object , Object[] )
   at Microsoft.Extensions.Internal.ObjectMethodExecutor.Execute(Object target, Object[] parameters)
   at Microsoft.AspNetCore.Mvc.Internal.ActionMethodExecutor.SyncActionResultExecutor.Execute(IActionResultTypeMapper mapper, ObjectMethodExecutor executor, Object controller, Object[] arguments)
   at Microsoft.AspNetCore.Mvc.Internal.ControllerActionInvoker.InvokeActionMethodAsync()
   at Microsoft.AspNetCore.Mvc.Internal.ControllerActionInvoker.InvokeNextActionFilterAsync()
   at Microsoft.AspNetCore.Mvc.Internal.ControllerActionInvoker.Rethrow(ActionExecutedContext context)
   at Microsoft.AspNetCore.Mvc.Internal.ControllerActionInvoker.Next(State& next, Scope& scope, Object& state, Boolean& isCompleted)
   at Microsoft.AspNetCore.Mvc.Internal.ControllerActionInvoker.InvokeInnerFilterAsync()
   at Microsoft.AspNetCore.Mvc.Internal.ResourceInvoker.InvokeNextExceptionFilterAsync() 
2019-09-05 11:25:29,885 线程ID:[19] 日志级别：ERROR 出错类：Zhouli.BlogWebApi.Filters.HttpGlobalExceptionFilter property:[(null)] - 错误描述：System.Exception: 测试异常
   at Zhouli.BlogWebApi.Controllers.ArticleController.GetArticles(String page, String limit, String searchstr, Int32 lableId) in D:\周黎\code\bms\ZhouliProject\Zhouli.BlogWebApi\Controllers\ArticleController.cs:line 44
   at lambda_method(Closure , Object , Object[] )
   at Microsoft.Extensions.Internal.ObjectMethodExecutor.Execute(Object target, Object[] parameters)
   at Microsoft.AspNetCore.Mvc.Internal.ActionMethodExecutor.SyncActionResultExecutor.Execute(IActionResultTypeMapper mapper, ObjectMethodExecutor executor, Object controller, Object[] arguments)
   at Microsoft.AspNetCore.Mvc.Internal.ControllerActionInvoker.InvokeActionMethodAsync()
   at Microsoft.AspNetCore.Mvc.Internal.ControllerActionInvoker.InvokeNextActionFilterAsync()
   at Microsoft.AspNetCore.Mvc.Internal.ControllerActionInvoker.Rethrow(ActionExecutedContext context)
   at Microsoft.AspNetCore.Mvc.Internal.ControllerActionInvoker.Next(State& next, Scope& scope, Object& state, Boolean& isCompleted)
   at Microsoft.AspNetCore.Mvc.Internal.ControllerActionInvoker.InvokeInnerFilterAsync()
   at Microsoft.AspNetCore.Mvc.Internal.ResourceInvoker.InvokeNextExceptionFilterAsync() 
2019-09-05 11:26:16,371 线程ID:[24] 日志级别：ERROR 出错类：Zhouli.BlogWebApi.Filters.HttpGlobalExceptionFilter property:[(null)] - 错误描述：MySql.Data.MySqlClient.MySqlException (0x80004005): Unable to connect to any of the specified MySQL hosts.
   at MySqlConnector.Core.ServerSession.ConnectAsync(ConnectionSettings cs, ILoadBalancer loadBalancer, IOBehavior ioBehavior, CancellationToken cancellationToken) in C:\projects\mysqlconnector\src\MySqlConnector\Core\ServerSession.cs:line 299
   at MySqlConnector.Core.ConnectionPool.GetSessionAsync(MySqlConnection connection, IOBehavior ioBehavior, CancellationToken cancellationToken) in C:\projects\mysqlconnector\src\MySqlConnector\Core\ConnectionPool.cs:line 112
   at MySqlConnector.Core.ConnectionPool.GetSessionAsync(MySqlConnection connection, IOBehavior ioBehavior, CancellationToken cancellationToken) in C:\projects\mysqlconnector\src\MySqlConnector\Core\ConnectionPool.cs:line 141
   at MySql.Data.MySqlClient.MySqlConnection.CreateSessionAsync(Nullable`1 ioBehavior, CancellationToken cancellationToken) in C:\projects\mysqlconnector\src\MySqlConnector\MySql.Data.MySqlClient\MySqlConnection.cs:line 399
   at MySql.Data.MySqlClient.MySqlConnection.OpenAsync(Nullable`1 ioBehavior, CancellationToken cancellationToken) in C:\projects\mysqlconnector\src\MySqlConnector\MySql.Data.MySqlClient\MySqlConnection.cs:line 171
   at MySql.Data.MySqlClient.MySqlConnection.Open() in C:\projects\mysqlconnector\src\MySqlConnector\MySql.Data.MySqlClient\MySqlConnection.cs:line 157
   at Dapper.SqlMapper.QueryImpl[T](IDbConnection cnn, CommandDefinition command, Type effectiveType)+MoveNext() in C:\projects\dapper\Dapper\SqlMapper.cs:line 1081
   at System.Collections.Generic.List`1.AddEnumerable(IEnumerable`1 enumerable)
   at System.Linq.Enumerable.ToList[TSource](IEnumerable`1 source)
   at Dapper.SqlMapper.Query[T](IDbConnection cnn, String sql, Object param, IDbTransaction transaction, Boolean buffered, Nullable`1 commandTimeout, Nullable`1 commandType) in C:\projects\dapper\Dapper\SqlMapper.cs:line 723
   at Dapper.SqlMapper.Query(IDbConnection cnn, String sql, Object param, IDbTransaction transaction, Boolean buffered, Nullable`1 commandTimeout, Nullable`1 commandType) in C:\projects\dapper\Dapper\SqlMapper.cs:line 650
   at Zhouli.DAL.Implements.BlogArticleDAL.GetPopularArticle(Boolean bWeek) in D:\周黎\code\bms\ZhouliProject\Zhouli.DAL\Implements\BlogArticleDAL.cs:line 115
   at Zhouli.BLL.Implements.BlogArticleBLL.GetPopularArticle(Boolean bWeek) in D:\周黎\code\bms\ZhouliProject\Zhouli.BLL\Implements\BlogArticleBLL.cs:line 156
   at Zhouli.BlogWebApi.Controllers.ArticleController.Popular(Boolean bWeek) in D:\周黎\code\bms\ZhouliProject\Zhouli.BlogWebApi\Controllers\ArticleController.cs:line 71
   at lambda_method(Closure , Object , Object[] )
   at Microsoft.Extensions.Internal.ObjectMethodExecutor.Execute(Object target, Object[] parameters)
   at Microsoft.AspNetCore.Mvc.Internal.ActionMethodExecutor.SyncActionResultExecutor.Execute(IActionResultTypeMapper mapper, ObjectMethodExecutor executor, Object controller, Object[] arguments)
   at Microsoft.AspNetCore.Mvc.Internal.ControllerActionInvoker.InvokeActionMethodAsync()
   at Microsoft.AspNetCore.Mvc.Internal.ControllerActionInvoker.InvokeNextActionFilterAsync()
   at Microsoft.AspNetCore.Mvc.Internal.ControllerActionInvoker.Rethrow(ActionExecutedContext context)
   at Microsoft.AspNetCore.Mvc.Internal.ControllerActionInvoker.Next(State& next, Scope& scope, Object& state, Boolean& isCompleted)
   at Microsoft.AspNetCore.Mvc.Internal.ControllerActionInvoker.InvokeInnerFilterAsync()
   at Microsoft.AspNetCore.Mvc.Internal.ResourceInvoker.InvokeNextExceptionFilterAsync() 
2019-09-05 11:26:16,415 线程ID:[18] 日志级别：ERROR 出错类：Zhouli.BlogWebApi.Filters.HttpGlobalExceptionFilter property:[(null)] - 错误描述：MySql.Data.MySqlClient.MySqlException (0x80004005): Unable to connect to any of the specified MySQL hosts.
   at MySqlConnector.Core.ServerSession.ConnectAsync(ConnectionSettings cs, ILoadBalancer loadBalancer, IOBehavior ioBehavior, CancellationToken cancellationToken) in C:\projects\mysqlconnector\src\MySqlConnector\Core\ServerSession.cs:line 299
   at MySqlConnector.Core.ConnectionPool.GetSessionAsync(MySqlConnection connection, IOBehavior ioBehavior, CancellationToken cancellationToken) in C:\projects\mysqlconnector\src\MySqlConnector\Core\ConnectionPool.cs:line 112
   at MySqlConnector.Core.ConnectionPool.GetSessionAsync(MySqlConnection connection, IOBehavior ioBehavior, CancellationToken cancellationToken) in C:\projects\mysqlconnector\src\MySqlConnector\Core\ConnectionPool.cs:line 141
   at MySql.Data.MySqlClient.MySqlConnection.CreateSessionAsync(Nullable`1 ioBehavior, CancellationToken cancellationToken) in C:\projects\mysqlconnector\src\MySqlConnector\MySql.Data.MySqlClient\MySqlConnection.cs:line 399
   at MySql.Data.MySqlClient.MySqlConnection.OpenAsync(Nullable`1 ioBehavior, CancellationToken cancellationToken) in C:\projects\mysqlconnector\src\MySqlConnector\MySql.Data.MySqlClient\MySqlConnection.cs:line 171
   at MySql.Data.MySqlClient.MySqlConnection.Open() in C:\projects\mysqlconnector\src\MySqlConnector\MySql.Data.MySqlClient\MySqlConnection.cs:line 157
   at Dapper.SqlMapper.QueryImpl[T](IDbConnection cnn, CommandDefinition command, Type effectiveType)+MoveNext() in C:\projects\dapper\Dapper\SqlMapper.cs:line 1081
   at System.Collections.Generic.List`1.AddEnumerable(IEnumerable`1 enumerable)
   at System.Linq.Enumerable.ToList[TSource](IEnumerable`1 source)
   at Dapper.SqlMapper.Query[T](IDbConnection cnn, String sql, Object param, IDbTransaction transaction, Boolean buffered, Nullable`1 commandTimeout, Nullable`1 commandType) in C:\projects\dapper\Dapper\SqlMapper.cs:line 723
   at Dapper.SqlMapper.Query(IDbConnection cnn, String sql, Object param, IDbTransaction transaction, Boolean buffered, Nullable`1 commandTimeout, Nullable`1 commandType) in C:\projects\dapper\Dapper\SqlMapper.cs:line 650
   at Zhouli.DAL.Implements.BlogArticleDAL.GetPopularArticle(Boolean bWeek) in D:\周黎\code\bms\ZhouliProject\Zhouli.DAL\Implements\BlogArticleDAL.cs:line 115
   at Zhouli.BLL.Implements.BlogArticleBLL.GetPopularArticle(Boolean bWeek) in D:\周黎\code\bms\ZhouliProject\Zhouli.BLL\Implements\BlogArticleBLL.cs:line 156
   at Zhouli.BlogWebApi.Controllers.ArticleController.Popular(Boolean bWeek) in D:\周黎\code\bms\ZhouliProject\Zhouli.BlogWebApi\Controllers\ArticleController.cs:line 71
   at lambda_method(Closure , Object , Object[] )
   at Microsoft.Extensions.Internal.ObjectMethodExecutor.Execute(Object target, Object[] parameters)
   at Microsoft.AspNetCore.Mvc.Internal.ActionMethodExecutor.SyncActionResultExecutor.Execute(IActionResultTypeMapper mapper, ObjectMethodExecutor executor, Object controller, Object[] arguments)
   at Microsoft.AspNetCore.Mvc.Internal.ControllerActionInvoker.InvokeActionMethodAsync()
   at Microsoft.AspNetCore.Mvc.Internal.ControllerActionInvoker.InvokeNextActionFilterAsync()
   at Microsoft.AspNetCore.Mvc.Internal.ControllerActionInvoker.Rethrow(ActionExecutedContext context)
   at Microsoft.AspNetCore.Mvc.Internal.ControllerActionInvoker.Next(State& next, Scope& scope, Object& state, Boolean& isCompleted)
   at Microsoft.AspNetCore.Mvc.Internal.ControllerActionInvoker.InvokeInnerFilterAsync()
   at Microsoft.AspNetCore.Mvc.Internal.ResourceInvoker.InvokeNextExceptionFilterAsync() 
2019-09-05 11:26:16,441 线程ID:[20] 日志级别：ERROR 出错类：Zhouli.BlogWebApi.Filters.HttpGlobalExceptionFilter property:[(null)] - 错误描述：MySql.Data.MySqlClient.MySqlException (0x80004005): Unable to connect to any of the specified MySQL hosts.
   at MySqlConnector.Core.ServerSession.ConnectAsync(ConnectionSettings cs, ILoadBalancer loadBalancer, IOBehavior ioBehavior, CancellationToken cancellationToken) in C:\projects\mysqlconnector\src\MySqlConnector\Core\ServerSession.cs:line 299
   at MySqlConnector.Core.ConnectionPool.GetSessionAsync(MySqlConnection connection, IOBehavior ioBehavior, CancellationToken cancellationToken) in C:\projects\mysqlconnector\src\MySqlConnector\Core\ConnectionPool.cs:line 112
   at MySqlConnector.Core.ConnectionPool.GetSessionAsync(MySqlConnection connection, IOBehavior ioBehavior, CancellationToken cancellationToken) in C:\projects\mysqlconnector\src\MySqlConnector\Core\ConnectionPool.cs:line 141
   at MySql.Data.MySqlClient.MySqlConnection.CreateSessionAsync(Nullable`1 ioBehavior, CancellationToken cancellationToken) in C:\projects\mysqlconnector\src\MySqlConnector\MySql.Data.MySqlClient\MySqlConnection.cs:line 399
   at MySql.Data.MySqlClient.MySqlConnection.OpenAsync(Nullable`1 ioBehavior, CancellationToken cancellationToken) in C:\projects\mysqlconnector\src\MySqlConnector\MySql.Data.MySqlClient\MySqlConnection.cs:line 171
   at MySql.Data.MySqlClient.MySqlConnection.Open() in C:\projects\mysqlconnector\src\MySqlConnector\MySql.Data.MySqlClient\MySqlConnection.cs:line 157
   at Dapper.SqlMapper.QueryImpl[T](IDbConnection cnn, CommandDefinition command, Type effectiveType)+MoveNext() in C:\projects\dapper\Dapper\SqlMapper.cs:line 1081
   at System.Collections.Generic.List`1.AddEnumerable(IEnumerable`1 enumerable)
   at System.Linq.Enumerable.ToList[TSource](IEnumerable`1 source)
   at Dapper.SqlMapper.Query[T](IDbConnection cnn, String sql, Object param, IDbTransaction transaction, Boolean buffered, Nullable`1 commandTimeout, Nullable`1 commandType) in C:\projects\dapper\Dapper\SqlMapper.cs:line 723
   at Dapper.SqlMapper.Query(IDbConnection cnn, String sql, Object param, IDbTransaction transaction, Boolean buffered, Nullable`1 commandTimeout, Nullable`1 commandType) in C:\projects\dapper\Dapper\SqlMapper.cs:line 650
   at Zhouli.DAL.Implements.BlogArticleDAL.GetPopularArticle(Boolean bWeek) in D:\周黎\code\bms\ZhouliProject\Zhouli.DAL\Implements\BlogArticleDAL.cs:line 115
   at Zhouli.BLL.Implements.BlogArticleBLL.GetPopularArticle(Boolean bWeek) in D:\周黎\code\bms\ZhouliProject\Zhouli.BLL\Implements\BlogArticleBLL.cs:line 156
   at Zhouli.BlogWebApi.Controllers.ArticleController.Popular(Boolean bWeek) in D:\周黎\code\bms\ZhouliProject\Zhouli.BlogWebApi\Controllers\ArticleController.cs:line 71
   at lambda_method(Closure , Object , Object[] )
   at Microsoft.Extensions.Internal.ObjectMethodExecutor.Execute(Object target, Object[] parameters)
   at Microsoft.AspNetCore.Mvc.Internal.ActionMethodExecutor.SyncActionResultExecutor.Execute(IActionResultTypeMapper mapper, ObjectMethodExecutor executor, Object controller, Object[] arguments)
   at Microsoft.AspNetCore.Mvc.Internal.ControllerActionInvoker.InvokeActionMethodAsync()
   at Microsoft.AspNetCore.Mvc.Internal.ControllerActionInvoker.InvokeNextActionFilterAsync()
   at Microsoft.AspNetCore.Mvc.Internal.ControllerActionInvoker.Rethrow(ActionExecutedContext context)
   at Microsoft.AspNetCore.Mvc.Internal.ControllerActionInvoker.Next(State& next, Scope& scope, Object& state, Boolean& isCompleted)
   at Microsoft.AspNetCore.Mvc.Internal.ControllerActionInvoker.InvokeInnerFilterAsync()
   at Microsoft.AspNetCore.Mvc.Internal.ResourceInvoker.InvokeNextExceptionFilterAsync() 
2019-09-05 11:26:16,459 线程ID:[27] 日志级别：ERROR 出错类：Zhouli.BlogWebApi.Filters.HttpGlobalExceptionFilter property:[(null)] - 错误描述：MySql.Data.MySqlClient.MySqlException (0x80004005): Unable to connect to any of the specified MySQL hosts.
   at MySqlConnector.Core.ServerSession.ConnectAsync(ConnectionSettings cs, ILoadBalancer loadBalancer, IOBehavior ioBehavior, CancellationToken cancellationToken) in C:\projects\mysqlconnector\src\MySqlConnector\Core\ServerSession.cs:line 299
   at MySqlConnector.Core.ConnectionPool.GetSessionAsync(MySqlConnection connection, IOBehavior ioBehavior, CancellationToken cancellationToken) in C:\projects\mysqlconnector\src\MySqlConnector\Core\ConnectionPool.cs:line 112
   at MySqlConnector.Core.ConnectionPool.GetSessionAsync(MySqlConnection connection, IOBehavior ioBehavior, CancellationToken cancellationToken) in C:\projects\mysqlconnector\src\MySqlConnector\Core\ConnectionPool.cs:line 141
   at MySql.Data.MySqlClient.MySqlConnection.CreateSessionAsync(Nullable`1 ioBehavior, CancellationToken cancellationToken) in C:\projects\mysqlconnector\src\MySqlConnector\MySql.Data.MySqlClient\MySqlConnection.cs:line 399
   at MySql.Data.MySqlClient.MySqlConnection.OpenAsync(Nullable`1 ioBehavior, CancellationToken cancellationToken) in C:\projects\mysqlconnector\src\MySqlConnector\MySql.Data.MySqlClient\MySqlConnection.cs:line 171
   at MySql.Data.MySqlClient.MySqlConnection.Open() in C:\projects\mysqlconnector\src\MySqlConnector\MySql.Data.MySqlClient\MySqlConnection.cs:line 157
   at Dapper.SqlMapper.QueryImpl[T](IDbConnection cnn, CommandDefinition command, Type effectiveType)+MoveNext() in C:\projects\dapper\Dapper\SqlMapper.cs:line 1081
   at System.Collections.Generic.List`1.AddEnumerable(IEnumerable`1 enumerable)
   at System.Linq.Enumerable.ToList[TSource](IEnumerable`1 source)
   at Dapper.SqlMapper.Query[T](IDbConnection cnn, String sql, Object param, IDbTransaction transaction, Boolean buffered, Nullable`1 commandTimeout, Nullable`1 commandType) in C:\projects\dapper\Dapper\SqlMapper.cs:line 723
   at Dapper.SqlMapper.Query(IDbConnection cnn, String sql, Object param, IDbTransaction transaction, Boolean buffered, Nullable`1 commandTimeout, Nullable`1 commandType) in C:\projects\dapper\Dapper\SqlMapper.cs:line 650
   at Zhouli.DAL.Implements.BlogArticleDAL.GetPopularArticle(Boolean bWeek) in D:\周黎\code\bms\ZhouliProject\Zhouli.DAL\Implements\BlogArticleDAL.cs:line 115
   at Zhouli.BLL.Implements.BlogArticleBLL.GetPopularArticle(Boolean bWeek) in D:\周黎\code\bms\ZhouliProject\Zhouli.BLL\Implements\BlogArticleBLL.cs:line 156
   at Zhouli.BlogWebApi.Controllers.ArticleController.Popular(Boolean bWeek) in D:\周黎\code\bms\ZhouliProject\Zhouli.BlogWebApi\Controllers\ArticleController.cs:line 71
   at lambda_method(Closure , Object , Object[] )
   at Microsoft.Extensions.Internal.ObjectMethodExecutor.Execute(Object target, Object[] parameters)
   at Microsoft.AspNetCore.Mvc.Internal.ActionMethodExecutor.SyncActionResultExecutor.Execute(IActionResultTypeMapper mapper, ObjectMethodExecutor executor, Object controller, Object[] arguments)
   at Microsoft.AspNetCore.Mvc.Internal.ControllerActionInvoker.InvokeActionMethodAsync()
   at Microsoft.AspNetCore.Mvc.Internal.ControllerActionInvoker.InvokeNextActionFilterAsync()
   at Microsoft.AspNetCore.Mvc.Internal.ControllerActionInvoker.Rethrow(ActionExecutedContext context)
   at Microsoft.AspNetCore.Mvc.Internal.ControllerActionInvoker.Next(State& next, Scope& scope, Object& state, Boolean& isCompleted)
   at Microsoft.AspNetCore.Mvc.Internal.ControllerActionInvoker.InvokeInnerFilterAsync()
   at Microsoft.AspNetCore.Mvc.Internal.ResourceInvoker.InvokeNextExceptionFilterAsync() 
