2019-02-01 16:58:11,717 线程ID:[29] 日志级别：ERROR 出错类：Zhouli.FileService.Filters.HttpGlobalExceptionFilter property:[(null)] - 错误描述：System.ArgumentNullException: Value cannot be null.
Parameter name: fileContents
   at Microsoft.AspNetCore.Mvc.FileContentResult..ctor(Byte[] fileContents, MediaTypeHeaderValue contentType)
   at Microsoft.AspNetCore.Mvc.FileContentResult..ctor(Byte[] fileContents, String contentType)
   at Microsoft.AspNetCore.Mvc.ControllerBase.File(Byte[] fileContents, String contentType, String fileDownloadName)
   at Zhouli.FileService.Controllers.FileController.Download(IHostingEnvironment environment, String fileKey) in D:\周黎\code\bms\ZhouliProject\Zhouli.FileService\Controllers\FileController.cs:line 64
   at lambda_method(Closure , Object )
   at Microsoft.Extensions.Internal.ObjectMethodExecutorAwaitable.Awaiter.GetResult()
   at Microsoft.AspNetCore.Mvc.Internal.ActionMethodExecutor.TaskOfActionResultExecutor.Execute(IActionResultTypeMapper mapper, ObjectMethodExecutor executor, Object controller, Object[] arguments)
   at System.Threading.Tasks.ValueTask`1.get_Result()
   at Microsoft.AspNetCore.Mvc.Internal.ControllerActionInvoker.InvokeActionMethodAsync()
   at Microsoft.AspNetCore.Mvc.Internal.ControllerActionInvoker.InvokeNextActionFilterAsync()
   at Microsoft.AspNetCore.Mvc.Internal.ControllerActionInvoker.Rethrow(ActionExecutedContext context)
   at Microsoft.AspNetCore.Mvc.Internal.ControllerActionInvoker.Next(State& next, Scope& scope, Object& state, Boolean& isCompleted)
   at Microsoft.AspNetCore.Mvc.Internal.ControllerActionInvoker.InvokeInnerFilterAsync()
   at Microsoft.AspNetCore.Mvc.Internal.ResourceInvoker.InvokeNextExceptionFilterAsync() 
2019-02-01 16:58:17,637 线程ID:[24] 日志级别：ERROR 出错类：Zhouli.FileService.Filters.HttpGlobalExceptionFilter property:[(null)] - 错误描述：System.ArgumentNullException: Value cannot be null.
Parameter name: fileContents
   at Microsoft.AspNetCore.Mvc.FileContentResult..ctor(Byte[] fileContents, MediaTypeHeaderValue contentType)
   at Microsoft.AspNetCore.Mvc.FileContentResult..ctor(Byte[] fileContents, String contentType)
   at Microsoft.AspNetCore.Mvc.ControllerBase.File(Byte[] fileContents, String contentType, String fileDownloadName)
   at Zhouli.FileService.Controllers.FileController.Download(IHostingEnvironment environment, String fileKey) in D:\周黎\code\bms\ZhouliProject\Zhouli.FileService\Controllers\FileController.cs:line 64
   at lambda_method(Closure , Object )
   at Microsoft.Extensions.Internal.ObjectMethodExecutorAwaitable.Awaiter.GetResult()
   at Microsoft.AspNetCore.Mvc.Internal.ActionMethodExecutor.TaskOfActionResultExecutor.Execute(IActionResultTypeMapper mapper, ObjectMethodExecutor executor, Object controller, Object[] arguments)
   at System.Threading.Tasks.ValueTask`1.get_Result()
   at Microsoft.AspNetCore.Mvc.Internal.ControllerActionInvoker.InvokeActionMethodAsync()
   at Microsoft.AspNetCore.Mvc.Internal.ControllerActionInvoker.InvokeNextActionFilterAsync()
   at Microsoft.AspNetCore.Mvc.Internal.ControllerActionInvoker.Rethrow(ActionExecutedContext context)
   at Microsoft.AspNetCore.Mvc.Internal.ControllerActionInvoker.Next(State& next, Scope& scope, Object& state, Boolean& isCompleted)
   at Microsoft.AspNetCore.Mvc.Internal.ControllerActionInvoker.InvokeInnerFilterAsync()
   at Microsoft.AspNetCore.Mvc.Internal.ResourceInvoker.InvokeNextExceptionFilterAsync() 
